wecSimMCR Case 29

WEC-Sim Read Input File ...   
Elapsed time is 0.044131 seconds.

WEC-Sim Pre-processing ...   
Elapsed time is 0.357142 seconds.

WEC-Sim Simulation Settings:
	Start Time                     (sec) = 0
	End Time                       (sec) = 200
	Time Step Size                 (sec) = 0.01
	Ramp Function Time             (sec) = 0
	Total Number of Time Steps           = 20000 

Wave Environment: 
	Wave Type                            = Regular Waves (Constant Hydrodynamic Coefficients)
	Wave Height, H (m)                   = 4.5
	Wave Period, T (sec)                 = 13

List of Body: Number of Bodies = 1 

	***** Body Number 1, Name: mesh1 *****
	Body CG                          (m) = [0,0,-1]
	Body Mass                       (kg) = 76617 
	Body Diagonal MOI              (kgm2)= [1.38226E+06,1.38226E+06,1.77994E+06]

List of PTO(s): Number of PTOs = 1 

	***** PTO Name: PTO1 *****
	PTO Stiffness           (N/m;Nm/rad) = 0
	PTO Damping           (Ns/m;Nsm/rad) = 8000

List of Constraint(s): Number of Constraints = 1 

	***** Constraint Name: Constraint1 *****


Simulating the WEC device defined in the SimMechanics model VAPEC.slx...   
Elapsed time is 132.563028 seconds.

Post-processing and saving...   
Average power output (Watts) over last half of simulation: -4.059730e+03.
Average velocity of PTO (rad/s) over last half of simulation: 7.123667e-01.
Elapsed time is 2.469450 seconds.
